INFO:main:started ipypublish v0.6.7 at Mon Jan  7 19:48:55 2019
INFO:main:logging to: /home/lordflaron/Documents/Experimetrics-BITSS-Workshop/Jupyter/converted/JupyterNotebooks.nbpub.log
INFO:main:running for ipynb(s) at: JupyterNotebooks.ipynb
INFO:main:with conversion: latex_ipypublish_main
INFO:nbmerge:Reading notebook
INFO:main:getting output format from exporter plugin
INFO:nbexport:running nbconvert
INFO:split_outputs:splitting outputs into separate cells
INFO:latex_doc_links:resolving external file paths in ipub metadata to: JupyterNotebooks.ipynb
INFO:latex_doc_captions:extracting caption cells
INFO:main:outputting converted file to: /home/lordflaron/Documents/Experimetrics-BITSS-Workshop/Jupyter/converted/JupyterNotebooks.tex
INFO:main:dumping external files to: /home/lordflaron/Documents/Experimetrics-BITSS-Workshop/Jupyter/converted/JupyterNotebooks_files
INFO:main:running pdf conversion
INFO:pdfexport:running: latexmk -xelatex -bibtex -pdf --interaction=batchmode <outpath>
INFO:pdfexport:latexmk: Latexmk: This is Latexmk, John Collins, 25 October 2018, version: 4.61.
INFO:pdfexport:latexmk: Rule 'pdflatex': File changes, etc:
INFO:pdfexport:latexmk: Changed files, or newly in use since previous run(s):
INFO:pdfexport:latexmk: '/home/lordflaron/Documents/Experimetrics-BITSS-Workshop/Jupyter/converted/JupyterNotebooks.tex'
INFO:pdfexport:latexmk: 'JupyterNotebooks.tex'
INFO:pdfexport:latexmk: ------------
INFO:pdfexport:latexmk: Run number 1 of rule 'pdflatex'
INFO:pdfexport:latexmk: ------------
INFO:pdfexport:latexmk: ------------
INFO:pdfexport:latexmk: Running 'pdflatex  --interaction=batchmode -recorder  "/home/lordflaron/Documents/Experimetrics-BITSS-Workshop/Jupyter/converted/JupyterNotebooks.tex"'
INFO:pdfexport:latexmk: ------------
INFO:pdfexport:latexmk: Latexmk: applying rule 'pdflatex'...
INFO:pdfexport:latexmk: This is pdfTeX, Version 3.14159265-2.6-1.40.19 (TeX Live 2018/Arch Linux) (preloaded format=pdflatex)
INFO:pdfexport:latexmk: restricted \write18 enabled.
INFO:pdfexport:latexmk: entering extended mode
INFO:pdfexport:latexmk: Latexmk: References changed.
INFO:pdfexport:latexmk: Latexmk: References changed.
INFO:pdfexport:latexmk: Latexmk: Log file says output to 'JupyterNotebooks.pdf'
INFO:pdfexport:latexmk: Rule 'pdflatex': File changes, etc:
INFO:pdfexport:latexmk: Changed files, or newly in use since previous run(s):
INFO:pdfexport:latexmk: 'JupyterNotebooks.aux'
INFO:pdfexport:latexmk: 'JupyterNotebooks.out'
INFO:pdfexport:latexmk: ------------
INFO:pdfexport:latexmk: Run number 2 of rule 'pdflatex'
INFO:pdfexport:latexmk: ------------
INFO:pdfexport:latexmk: ------------
INFO:pdfexport:latexmk: Running 'pdflatex  --interaction=batchmode -recorder  "/home/lordflaron/Documents/Experimetrics-BITSS-Workshop/Jupyter/converted/JupyterNotebooks.tex"'
INFO:pdfexport:latexmk: ------------
INFO:pdfexport:latexmk: === TeX engine is 'pdfTeX'
INFO:pdfexport:latexmk: Latexmk: applying rule 'pdflatex'...
INFO:pdfexport:latexmk: This is pdfTeX, Version 3.14159265-2.6-1.40.19 (TeX Live 2018/Arch Linux) (preloaded format=pdflatex)
INFO:pdfexport:latexmk: restricted \write18 enabled.
INFO:pdfexport:latexmk: entering extended mode
INFO:pdfexport:latexmk: Latexmk: Log file says output to 'JupyterNotebooks.pdf'
INFO:pdfexport:latexmk: === TeX engine is 'pdfTeX'
INFO:pdfexport:latexmk: Latexmk: All targets (JupyterNotebooks.pdf) are up-to-date
INFO:pdfexport:pdf conversion complete
INFO:main:process finished successfully
